2025-08-08 22:16:42,835 - data_preprocessing - DEBUG - Data loaded properly
2025-08-08 22:16:42,835 - data_preprocessing - DEBUG - Starting preprocessing for DataFrame
2025-08-08 22:16:42,837 - data_preprocessing - DEBUG - Target column encoded
2025-08-08 22:16:42,839 - data_preprocessing - DEBUG - Duplicates removed
2025-08-08 22:17:02,537 - data_preprocessing - DEBUG - Text column transformed
2025-08-08 22:17:02,537 - data_preprocessing - DEBUG - Starting preprocessing for DataFrame
2025-08-08 22:17:02,553 - data_preprocessing - DEBUG - Target column encoded
2025-08-08 22:17:02,554 - data_preprocessing - DEBUG - Duplicates removed
2025-08-08 22:17:07,701 - data_preprocessing - DEBUG - Text column transformed
2025-08-08 22:17:07,713 - data_preprocessing - DEBUG - Processed data saved to ./data\interim
2025-08-09 01:16:50,348 - data_preprocessing - DEBUG - Data loaded properly
2025-08-09 01:16:50,348 - data_preprocessing - DEBUG - Starting preprocessing for DataFrame
2025-08-09 01:16:50,359 - data_preprocessing - DEBUG - Target column encoded
2025-08-09 01:16:50,365 - data_preprocessing - DEBUG - Duplicates removed
2025-08-09 01:17:10,318 - data_preprocessing - DEBUG - Text column transformed
2025-08-09 01:17:10,318 - data_preprocessing - DEBUG - Starting preprocessing for DataFrame
2025-08-09 01:17:10,318 - data_preprocessing - DEBUG - Target column encoded
2025-08-09 01:17:10,318 - data_preprocessing - DEBUG - Duplicates removed
2025-08-09 01:17:15,764 - data_preprocessing - DEBUG - Text column transformed
2025-08-09 01:17:15,779 - data_preprocessing - DEBUG - Processed data saved to ./data\interim
2025-08-09 01:47:01,515 - data_preprocessing - DEBUG - Data loaded properly
2025-08-09 01:47:01,515 - data_preprocessing - DEBUG - Starting preprocessing for DataFrame
2025-08-09 01:47:01,518 - data_preprocessing - DEBUG - Target column encoded
2025-08-09 01:47:01,522 - data_preprocessing - DEBUG - Duplicates removed
2025-08-09 01:47:24,429 - data_preprocessing - DEBUG - Text column transformed
2025-08-09 01:47:24,429 - data_preprocessing - DEBUG - Starting preprocessing for DataFrame
2025-08-09 01:47:24,430 - data_preprocessing - DEBUG - Target column encoded
2025-08-09 01:47:24,431 - data_preprocessing - DEBUG - Duplicates removed
2025-08-09 01:47:31,831 - data_preprocessing - DEBUG - Text column transformed
2025-08-09 01:47:31,844 - data_preprocessing - DEBUG - Processed data saved to ./data\interim
2025-08-09 14:46:26,410 - data_preprocessing - DEBUG - Data loaded properly
2025-08-09 14:46:26,410 - data_preprocessing - DEBUG - Starting preprocessing for DataFrame
2025-08-09 14:46:26,410 - data_preprocessing - DEBUG - Target column encoded
2025-08-09 14:46:26,427 - data_preprocessing - DEBUG - Duplicates removed
2025-08-09 14:46:54,753 - data_preprocessing - DEBUG - Text column transformed
2025-08-09 14:46:54,753 - data_preprocessing - DEBUG - Starting preprocessing for DataFrame
2025-08-09 14:46:54,753 - data_preprocessing - DEBUG - Target column encoded
2025-08-09 14:46:54,753 - data_preprocessing - DEBUG - Duplicates removed
2025-08-09 14:46:57,759 - data_preprocessing - DEBUG - Text column transformed
2025-08-09 14:46:57,778 - data_preprocessing - DEBUG - Processed data saved to ./data\interim
2025-08-09 14:57:25,585 - data_preprocessing - DEBUG - Data loaded properly
2025-08-09 14:57:25,585 - data_preprocessing - DEBUG - Starting preprocessing for DataFrame
2025-08-09 14:57:25,590 - data_preprocessing - DEBUG - Target column encoded
2025-08-09 14:57:25,593 - data_preprocessing - DEBUG - Duplicates removed
2025-08-09 14:57:49,375 - data_preprocessing - DEBUG - Text column transformed
2025-08-09 14:57:49,375 - data_preprocessing - DEBUG - Starting preprocessing for DataFrame
2025-08-09 14:57:49,375 - data_preprocessing - DEBUG - Target column encoded
2025-08-09 14:57:49,375 - data_preprocessing - DEBUG - Duplicates removed
2025-08-09 14:57:56,606 - data_preprocessing - DEBUG - Text column transformed
2025-08-09 14:57:56,617 - data_preprocessing - DEBUG - Processed data saved to ./data\interim
2025-08-09 14:59:52,016 - data_preprocessing - DEBUG - Data loaded properly
2025-08-09 14:59:52,016 - data_preprocessing - DEBUG - Starting preprocessing for DataFrame
2025-08-09 14:59:52,022 - data_preprocessing - DEBUG - Target column encoded
2025-08-09 14:59:52,022 - data_preprocessing - DEBUG - Duplicates removed
2025-08-09 15:00:13,337 - data_preprocessing - DEBUG - Text column transformed
2025-08-09 15:00:13,337 - data_preprocessing - DEBUG - Starting preprocessing for DataFrame
2025-08-09 15:00:13,343 - data_preprocessing - DEBUG - Target column encoded
2025-08-09 15:00:13,343 - data_preprocessing - DEBUG - Duplicates removed
2025-08-09 15:00:25,117 - data_preprocessing - DEBUG - Text column transformed
2025-08-09 15:00:25,136 - data_preprocessing - DEBUG - Processed data saved to ./data\interim
