2025-08-09 00:12:34,535 - model_building - DEBUG - Data loaded from ./data/processed/train_tfidf.csv with shape (4152, 51)
2025-08-09 00:12:34,535 - model_building - DEBUG - Initializing RandomForest model with parameters: {'n_estimators': 25, 'random_state': 2}
2025-08-09 00:12:34,535 - model_building - DEBUG - Model training started with 4152 samples
2025-08-09 00:12:34,670 - model_building - DEBUG - Model training completed
2025-08-09 00:12:34,677 - model_building - DEBUG - Model saved to models/model.pkl
2025-08-09 01:17:22,521 - model_building - DEBUG - Data loaded from ./data/processed/train_tfidf.csv with shape (4152, 51)
2025-08-09 01:17:22,532 - model_building - DEBUG - Initializing RandomForest model with parameters: {'n_estimators': 25, 'random_state': 2}
2025-08-09 01:17:22,532 - model_building - DEBUG - Model training started with 4152 samples
2025-08-09 01:17:22,650 - model_building - DEBUG - Model training completed
2025-08-09 01:17:22,650 - model_building - DEBUG - Model saved to models/model.pkl
2025-08-09 01:43:55,398 - model_building - DEBUG - Parameters retrieved from params.yaml
2025-08-09 01:43:55,420 - model_building - DEBUG - Data loaded from ./data/processed/train_tfidf.csv with shape (4152, 51)
2025-08-09 01:43:55,420 - model_building - DEBUG - Initializing RandomForest model with parameters: {'n_estimators': 25, 'random_state': 2}
2025-08-09 01:43:55,420 - model_building - DEBUG - Model training started with 4152 samples
2025-08-09 01:43:55,526 - model_building - DEBUG - Model training completed
2025-08-09 01:43:55,530 - model_building - DEBUG - Model saved to models/model.pkl
2025-08-09 01:47:37,182 - model_building - DEBUG - Parameters retrieved from params.yaml
2025-08-09 01:47:37,212 - model_building - DEBUG - Data loaded from ./data/processed/train_tfidf.csv with shape (4413, 71)
2025-08-09 01:47:37,212 - model_building - DEBUG - Initializing RandomForest model with parameters: {'n_estimators': 30, 'random_state': 4}
2025-08-09 01:47:37,212 - model_building - DEBUG - Model training started with 4413 samples
2025-08-09 01:47:37,402 - model_building - DEBUG - Model training completed
2025-08-09 01:47:37,406 - model_building - DEBUG - Model saved to models/model.pkl
2025-08-09 14:47:08,426 - model_building - DEBUG - Parameters retrieved from params.yaml
2025-08-09 14:47:08,456 - model_building - DEBUG - Data loaded from ./data/processed/train_tfidf.csv with shape (4670, 46)
2025-08-09 14:47:08,456 - model_building - DEBUG - Initializing RandomForest model with parameters: {'n_estimators': 20, 'random_state': 2}
2025-08-09 14:47:08,456 - model_building - DEBUG - Model training started with 4670 samples
2025-08-09 14:47:08,613 - model_building - DEBUG - Model training completed
2025-08-09 14:47:08,626 - model_building - DEBUG - Model saved to models/model.pkl
2025-08-09 14:58:07,476 - model_building - DEBUG - Parameters retrieved from params.yaml
2025-08-09 14:58:07,538 - model_building - DEBUG - Data loaded from ./data/processed/train_tfidf.csv with shape (3907, 56)
2025-08-09 14:58:07,543 - model_building - DEBUG - Initializing RandomForest model with parameters: {'n_estimators': 22, 'random_state': 2}
2025-08-09 14:58:07,545 - model_building - DEBUG - Model training started with 3907 samples
2025-08-09 14:58:07,823 - model_building - DEBUG - Model training completed
2025-08-09 14:58:07,826 - model_building - DEBUG - Model saved to models/model.pkl
2025-08-09 15:00:34,812 - model_building - DEBUG - Parameters retrieved from params.yaml
2025-08-09 15:00:34,845 - model_building - DEBUG - Data loaded from ./data/processed/train_tfidf.csv with shape (3405, 51)
2025-08-09 15:00:34,849 - model_building - DEBUG - Initializing RandomForest model with parameters: {'n_estimators': 25, 'random_state': 2}
2025-08-09 15:00:34,849 - model_building - DEBUG - Model training started with 3405 samples
2025-08-09 15:00:35,106 - model_building - DEBUG - Model training completed
2025-08-09 15:00:35,111 - model_building - DEBUG - Model saved to models/model.pkl
